11:30:37.698 INFO - Launching a standalone Selenium Server
11:30:37.752 INFO - Java: Oracle Corporation 25.151-b12
11:30:37.753 INFO - OS: Linux 4.13.0-36-generic amd64
11:30:37.773 INFO - v2.53.0, with Core v2.53.0. Built from revision 35ae25b
11:30:37.881 INFO - Driver provider org.openqa.selenium.ie.InternetExplorerDriver registration is skipped:
registration capabilities Capabilities [{ensureCleanSession=true, browserName=internet explorer, version=, platform=WINDOWS}] does not match the current platform LINUX
11:30:37.884 INFO - Driver provider org.openqa.selenium.edge.EdgeDriver registration is skipped:
registration capabilities Capabilities [{browserName=MicrosoftEdge, version=, platform=WINDOWS}] does not match the current platform LINUX
11:30:37.885 INFO - Driver class not found: com.opera.core.systems.OperaDriver
11:30:37.885 INFO - Driver provider com.opera.core.systems.OperaDriver is not registered
11:30:37.889 INFO - Driver provider org.openqa.selenium.safari.SafariDriver registration is skipped:
registration capabilities Capabilities [{browserName=safari, version=, platform=MAC}] does not match the current platform LINUX
11:30:37.892 INFO - Driver class not found: org.openqa.selenium.htmlunit.HtmlUnitDriver
11:30:37.893 INFO - Driver provider org.openqa.selenium.htmlunit.HtmlUnitDriver is not registered
11:30:38.039 INFO - RemoteWebDriver instances should connect to: http://127.0.0.1:4445/wd/hub
11:30:38.039 INFO - Selenium Server is up and running
11:30:38.718 INFO - Executing: [new session: Capabilities [{acceptSslCerts=true, marionette=true, name=Sample Test, browserName=chrome, javascriptEnabled=true, platform=ANY}]])
11:30:38.735 INFO - Creating a new session for Capabilities [{acceptSslCerts=true, marionette=true, name=Sample Test, browserName=chrome, javascriptEnabled=true, platform=ANY}]
Starting ChromeDriver 2.35.528139 (47ead77cb35ad2a9a83248b292151462a66cd881) on port 25664
Only local connections are allowed.
11:30:42.809 INFO - Done: [new session: Capabilities [{acceptSslCerts=true, marionette=true, name=Sample Test, browserName=chrome, javascriptEnabled=true, platform=ANY}]]
11:30:42.832 INFO - Executing: [get: http://localhost:3001/#/])
11:30:48.180 INFO - Done: [get: http://localhost:3001/#/]
11:30:50.218 INFO - Executing: [find elements: By.cssSelector: body])
11:30:50.290 INFO - Done: [find elements: By.cssSelector: body]
11:30:50.298 INFO - Executing: [is displayed: 0 [[ChromeDriver: chrome on LINUX (4890557d02918c75dc3ad8cc0dc1d782)] -> css selector: body]])
11:30:50.327 INFO - Done: [is displayed: 0 [[ChromeDriver: chrome on LINUX (4890557d02918c75dc3ad8cc0dc1d782)] -> css selector: body]]
11:30:50.337 INFO - Executing: [get title])
11:30:50.368 INFO - Done: [get title]
11:30:50.416 INFO - Executing: [delete session: 65abc6b3-f8d2-4c62-9083-d9ff236c348a])
11:30:50.627 INFO - Done: [delete session: 65abc6b3-f8d2-4c62-9083-d9ff236c348a]
